<?xml version="1.0" encoding="utf-8"?>
<coverage line-rate="0.1" branch-rate="1" version="1.9" timestamp="1721761679" lines-covered="1" lines-valid="10" branches-covered="0" branches-valid="0">
  <sources>
    <source></source>
  </sources>
  <packages>
    <package name="CoveredClassLibrary_net6" line-rate="1" branch-rate="1" complexity="1">
      <classes>
        <class name="CoveredClassLibrary.CoveredClass" filename="d:\github\CoverletBug\CoveredClassLibrary\CoveredClass.cs" line-rate="1" branch-rate="1" complexity="1">
          <methods>
            <method name="Sum" signature="(System.Int32,System.Int32)" line-rate="1" branch-rate="1" complexity="1">
              <lines>
                <line number="5" hits="1" branch="False" />
              </lines>
            </method>
          </methods>
          <lines>
            <line number="5" hits="1" branch="False" />
          </lines>
        </class>
      </classes>
    </package>
    <package name="TestProject" line-rate="0" branch-rate="1" complexity="3">
      <classes>
        <class name="AutoGeneratedProgram" filename="C:\Users\tungi52\.nuget\packages\microsoft.net.test.sdk\17.5.0\build\netcoreapp3.1\Microsoft.NET.Test.Sdk.Program.cs" line-rate="0" branch-rate="1" complexity="1">
          <methods>
            <method name="Main" signature="(System.String[])" line-rate="0" branch-rate="1" complexity="1">
              <lines>
                <line number="4" hits="0" branch="False" />
              </lines>
            </method>
          </methods>
          <lines>
            <line number="4" hits="0" branch="False" />
          </lines>
        </class>
        <class name="TestProject.Tests" filename="c:\Users\tungi52\source\repos\CoverletBug\TestProject\UnitTest.cs" line-rate="0" branch-rate="1" complexity="2">
          <methods>
            <method name="Setup" signature="()" line-rate="0" branch-rate="1" complexity="1">
              <lines>
                <line number="11" hits="0" branch="False" />
                <line number="12" hits="0" branch="False" />
                <line number="13" hits="0" branch="False" />
              </lines>
            </method>
            <method name="CoveredClass_ReturnCorrectResult" signature="()" line-rate="0" branch-rate="1" complexity="1">
              <lines>
                <line number="17" hits="0" branch="False" />
                <line number="21" hits="0" branch="False" />
                <line number="23" hits="0" branch="False" />
                <line number="24" hits="0" branch="False" />
              </lines>
            </method>
          </methods>
          <lines>
            <line number="11" hits="0" branch="False" />
            <line number="12" hits="0" branch="False" />
            <line number="13" hits="0" branch="False" />
            <line number="17" hits="0" branch="False" />
            <line number="21" hits="0" branch="False" />
            <line number="23" hits="0" branch="False" />
            <line number="24" hits="0" branch="False" />
          </lines>
        </class>
      </classes>
    </package>
    <package name="UncoveredClassLibrary_net6" line-rate="0" branch-rate="1" complexity="1">
      <classes>
        <class name="UncoveredClassLibrary.UncoveredClass" filename="d:\github\CoverletBug\UncoveredClassLibrary\UncoveredClass.cs" line-rate="0" branch-rate="1" complexity="1">
          <methods>
            <method name="Multiply" signature="(System.Int32,System.Int32)" line-rate="0" branch-rate="1" complexity="1">
              <lines>
                <line number="5" hits="0" branch="False" />
              </lines>
            </method>
          </methods>
          <lines>
            <line number="5" hits="0" branch="False" />
          </lines>
        </class>
      </classes>
    </package>
  </packages>
</coverage>